<?xml version="1.0" encoding="utf-8"?><testsuites><testsuite name="pytest" errors="0" failures="0" skipped="0" tests="9" time="0.216" timestamp="2022-12-09T08:26:04.817909" hostname="jessy-computer"><testcase classname="tests.test_bytebank.TestClass" name="test_quando_idade_recebe_13_03_2002_deve_retornar_22" time="0.004" /><testcase classname="tests.test_bytebank.TestClass" name="test_quando_sobrenome_recebe_Lucas_Carvalho_deve_retornar_Carvalho" time="0.001" /><testcase classname="tests.test_bytebank.TestClass" name="test_quando_decrescimo_salario_recebe_10000_deve_retornar_9000" time="0.001" /><testcase classname="tests.test_bytebank.TestClass" name="test_when_bonus_wage_receive_1000_should_return_100" time="0.002" /><testcase classname="tests.test_bytebank.TestClass" name="test_when_bonus_wage_receive_1000000000_should_return_exception" time="0.002" /><testcase classname="tests.test_bytebank.TestClass" name="test_when_wage_receive_10000_should_return_10000" time="0.001" /><testcase classname="tests.test_bytebank.TestClass" name="test_when_wage_receive_2000_should_return_2000" time="0.001" /><testcase classname="tests.test_bytebank.TestClass" name="test_when_name_receive_juliana_should_return_juliana" time="0.003" /><testcase classname="tests.test_bytebank.TestClass" name="test_when_name_receive_flavinha_should_return_flavinha" time="0.002" /></testsuite></testsuites>